#
# There is insufficient memory for the Java Runtime Environment to continue.
# Native memory allocation (mmap) failed to map 257949696 bytes for G1 virtual space
# Possible reasons:
#   The system is out of physical RAM or swap space
#   The process is running with CompressedOops enabled, and the Java Heap may be blocking the growth of the native heap
# Possible solutions:
#   Reduce memory load on the system
#   Increase physical memory or swap space
#   Check if swap backing store is full
#   Decrease Java heap size (-Xmx/-Xms)
#   Decrease number of Java threads
#   Decrease Java thread stack sizes (-Xss)
#   Set larger code cache with -XX:ReservedCodeCacheSize=
#   JVM is running with Zero Based Compressed Oops mode in which the Java heap is
#     placed in the first 32GB address space. The Java Heap base address is the
#     maximum limit for the native heap growth. Please use -XX:HeapBaseMinAddress
#     to set the Java Heap base and to place the Java Heap above 32GB virtual address.
# This output file may be truncated or incomplete.
#
#  Out of Memory Error (os_windows.cpp:3600), pid=7356, tid=14956
#
# JRE version:  (21.0.2+13) (build )
# Java VM: Java HotSpot(TM) 64-Bit Server VM (21.0.2+13-LTS-58, mixed mode, sharing, tiered, compressed oops, compressed class ptrs, g1 gc, windows-amd64)
# No core dump will be written. Minidumps are not enabled by default on client versions of Windows
#

---------------  S U M M A R Y ------------

Command Line: -Dfile.encoding=UTF-8 TrainLine

Host: AMD Ryzen 5 5600G with Radeon Graphics         , 12 cores, 15G,  Windows 11 , 64 bit Build 22621 (10.0.22621.4391)
Time: Sat Nov 16 21:41:18 2024 Malay Peninsula Standard Time elapsed time: 0.008764 seconds (0d 0h 0m 0s)

---------------  T H R E A D  ---------------

Current thread (0x000001f6faaae760):  JavaThread "Unknown thread" [_thread_in_vm, id=14956, stack(0x000000a94e400000,0x000000a94e500000) (1024K)]

Stack: [0x000000a94e400000,0x000000a94e500000]
Native frames: (J=compiled Java code, j=interpreted, Vv=VM code, C=native code)
V  [jvm.dll+0x6cade9]
V  [jvm.dll+0x8569c1]
V  [jvm.dll+0x858d2e]
V  [jvm.dll+0x859413]
V  [jvm.dll+0x280e56]
V  [jvm.dll+0x6c74d5]
V  [jvm.dll+0x6bbeca]
V  [jvm.dll+0x355bca]
V  [jvm.dll+0x35d816]
V  [jvm.dll+0x3ae67e]
V  [jvm.dll+0x3ae928]
V  [jvm.dll+0x3295dc]
V  [jvm.dll+0x32a16b]
V  [jvm.dll+0x81efa9]
V  [jvm.dll+0x3bba01]
V  [jvm.dll+0x807928]
V  [jvm.dll+0x44f50e]
V  [jvm.dll+0x450e11]
C  [jli.dll+0x52a3]
C  [ucrtbase.dll+0x29333]
C  [KERNEL32.DLL+0x1259d]
C  [ntdll.dll+0x5af38]


---------------  P R O C E S S  ---------------

Threads class SMR info:
_java_thread_list=0x00007ffcf49abb88, length=0, elements={
}

Java Threads: ( => current thread )
Total: 0

Other Threads:
  0x000001f6fcd2cb60 WorkerThread "GC Thread#0"                     [id=12636, stack(0x000000a94e500000,0x000000a94e600000) (1024K)]
  0x000001f6fcd3d1b0 ConcurrentGCThread "G1 Main Marker"            [id=5408, stack(0x000000a94e600000,0x000000a94e700000) (1024K)]
  0x000001f6fcd3e450 WorkerThread "G1 Conc#0"                       [id=17648, stack(0x000000a94e700000,0x000000a94e800000) (1024K)]

[error occurred during error reporting (printing all threads), id 0xc0000005, EXCEPTION_ACCESS_VIOLATION (0xc0000005) at pc=0x00007ffcf411c6a7]
VM state: not at safepoint (not fully initialized)

VM Mutex/Monitor currently owned by a thread:  ([mutex/lock_event])
[0x00007ffcf4a1ce68] Heap_lock - owner thread: 0x000001f6faaae760

Heap address: 0x000000070b400000, size: 3916 MB, Compressed Oops mode: Zero based, Oop shift amount: 3

CDS archive(s) mapped at: [0x0000000000000000-0x0000000000000000-0x0000000000000000), size 0, SharedBaseAddress: 0x0000000800000000, ArchiveRelocationMode: 1.
Narrow klass base: 0x0000000000000000, Narrow klass shift: 0, Narrow klass range: 0x0

GC Precious Log:
 CardTable entry size: 512
 Card Set container configuration: InlinePtr #cards 4 size 8 Array Of Cards #cards 16 size 48 Howl #buckets 8 coarsen threshold 3686 Howl Bitmap #cards 512 size 80 coarsen threshold 460 Card regions per heap region 1 cards per card region 4096

Heap:
 garbage-first heap   total 0K, used 0K [0x000000070b400000, 0x0000000800000000)
  region size 2048K, 0 young (0K), 0 survivors (0K)

[error occurred during error reporting (printing heap information), id 0xc0000005, EXCEPTION_ACCESS_VIOLATION (0xc0000005) at pc=0x00007ffcf45039f9]
GC Heap History (0 events):
No events

Dll operation events (1 events):
Event: 0.005 Loaded shared library C:\Program Files\Java\jdk-21\bin\java.dll

Deoptimization events (0 events):
No events

Classes loaded (0 events):
No events

Classes unloaded (0 events):
No events

Classes redefined (0 events):
No events

Internal exceptions (0 events):
No events

ZGC Phase Switch (0 events):
No events

VM Operations (0 events):
No events

Events (0 events):
No events


Dynamic libraries:
0x00007ff7bb8a0000 - 0x00007ff7bb8b0000 	C:\Program Files\Java\jdk-21\bin\java.exe
0x00007ffd382b0000 - 0x00007ffd384c7000 	C:\WINDOWS\SYSTEM32\ntdll.dll
0x00007ffd36380000 - 0x00007ffd36444000 	C:\WINDOWS\System32\KERNEL32.DLL
0x00007ffd35630000 - 0x00007ffd359e9000 	C:\WINDOWS\System32\KERNELBASE.dll
0x00007ffd35b60000 - 0x00007ffd35c71000 	C:\WINDOWS\System32\ucrtbase.dll
0x00007ffcf3dc0000 - 0x00007ffcf3ddb000 	C:\Program Files\Java\jdk-21\bin\VCRUNTIME140.dll
0x00007ffcd4f00000 - 0x00007ffcd4f19000 	C:\Program Files\Java\jdk-21\bin\jli.dll
0x00007ffd37310000 - 0x00007ffd373c2000 	C:\WINDOWS\System32\ADVAPI32.dll
0x00007ffd37b70000 - 0x00007ffd37c17000 	C:\WINDOWS\System32\msvcrt.dll
0x00007ffd37910000 - 0x00007ffd379b7000 	C:\WINDOWS\System32\sechost.dll
0x00007ffd35e50000 - 0x00007ffd35e78000 	C:\WINDOWS\System32\bcrypt.dll
0x00007ffd371e0000 - 0x00007ffd372f4000 	C:\WINDOWS\System32\RPCRT4.dll
0x00007ffd379c0000 - 0x00007ffd37b6e000 	C:\WINDOWS\System32\USER32.dll
0x00007ffd35fa0000 - 0x00007ffd35fc6000 	C:\WINDOWS\System32\win32u.dll
0x00007ffd36230000 - 0x00007ffd36259000 	C:\WINDOWS\System32\GDI32.dll
0x00007ffd20eb0000 - 0x00007ffd21142000 	C:\WINDOWS\WinSxS\amd64_microsoft.windows.common-controls_6595b64144ccf1df_6.0.22621.4391_none_2715d37f73803e96\COMCTL32.dll
0x00007ffd35e80000 - 0x00007ffd35f9b000 	C:\WINDOWS\System32\gdi32full.dll
0x00007ffd35cf0000 - 0x00007ffd35d8a000 	C:\WINDOWS\System32\msvcp_win.dll
0x00007ffd2da40000 - 0x00007ffd2da4a000 	C:\WINDOWS\SYSTEM32\VERSION.dll
0x00007ffd37ca0000 - 0x00007ffd37cd1000 	C:\WINDOWS\System32\IMM32.DLL
0x00007ffd1b990000 - 0x00007ffd1b99c000 	C:\Program Files\Java\jdk-21\bin\vcruntime140_1.dll
0x00007ffcf8f50000 - 0x00007ffcf8fde000 	C:\Program Files\Java\jdk-21\bin\msvcp140.dll
0x00007ffcf3de0000 - 0x00007ffcf4af7000 	C:\Program Files\Java\jdk-21\bin\server\jvm.dll
0x00007ffd37c20000 - 0x00007ffd37c91000 	C:\WINDOWS\System32\WS2_32.dll
0x00007ffd34f30000 - 0x00007ffd34f7d000 	C:\WINDOWS\SYSTEM32\POWRPROF.dll
0x00007ffd2da00000 - 0x00007ffd2da34000 	C:\WINDOWS\SYSTEM32\WINMM.dll
0x00007ffd34ea0000 - 0x00007ffd34eb3000 	C:\WINDOWS\SYSTEM32\UMPDC.dll
0x00007ffd345f0000 - 0x00007ffd34608000 	C:\WINDOWS\SYSTEM32\kernel.appcore.dll
0x00007ffd18720000 - 0x00007ffd1872a000 	C:\Program Files\Java\jdk-21\bin\jimage.dll
0x00007ffd2d430000 - 0x00007ffd2d662000 	C:\WINDOWS\SYSTEM32\DBGHELP.DLL
0x00007ffd37ee0000 - 0x00007ffd3826f000 	C:\WINDOWS\System32\combase.dll
0x00007ffd35fd0000 - 0x00007ffd360a7000 	C:\WINDOWS\System32\OLEAUT32.dll
0x00007ffd13250000 - 0x00007ffd13282000 	C:\WINDOWS\SYSTEM32\dbgcore.DLL
0x00007ffd355b0000 - 0x00007ffd3562b000 	C:\WINDOWS\System32\bcryptPrimitives.dll
0x00007ffcf3d60000 - 0x00007ffcf3d7f000 	C:\Program Files\Java\jdk-21\bin\java.dll

dbghelp: loaded successfully - version: 4.0.5 - missing functions: none
symbol engine: initialized successfully - sym options: 0x614 - pdb path: .;C:\Program Files\Java\jdk-21\bin;C:\WINDOWS\SYSTEM32;C:\WINDOWS\WinSxS\amd64_microsoft.windows.common-controls_6595b64144ccf1df_6.0.22621.4391_none_2715d37f73803e96;C:\Program Files\Java\jdk-21\bin\server

VM Arguments:
jvm_args: -Dfile.encoding=UTF-8 
java_command: TrainLine
java_class_path (initial): C:\Users\ZiaZandre\Documents\NetBeansProjects\TrainManagementApp\build\web\WEB-INF\classes;C:\Program Files\Apache Software Foundation\Tomcat 10.1\bin\tomcat-juli.jar;C:\Program Files\Apache Software Foundation\Tomcat 10.1\lib\annotations-api.jar;C:\Program Files\Apache Software Foundation\Tomcat 10.1\lib\catalina-ant.jar;C:\Program Files\Apache Software Foundation\Tomcat 10.1\lib\catalina-ha.jar;C:\Program Files\Apache Software Foundation\Tomcat 10.1\lib\catalina-ssi.jar;C:\Program Files\Apache Software Foundation\Tomcat 10.1\lib\catalina-storeconfig.jar;C:\Program Files\Apache Software Foundation\Tomcat 10.1\lib\catalina-tribes.jar;C:\Program Files\Apache Software Foundation\Tomcat 10.1\lib\catalina.jar;C:\Program Files\Apache Software Foundation\Tomcat 10.1\lib\ecj-4.27.jar;C:\Program Files\Apache Software Foundation\Tomcat 10.1\lib\el-api.jar;C:\Program Files\Apache Software Foundation\Tomcat 10.1\lib\jakartaee-migration-1.0.8-shaded.jar;C:\Program Files\Apache Software Foundation\Tomcat 10.1\lib\jasper-el.jar;C:\Program Files\Apache Software Foundation\Tomcat 10.1\lib\jasper.jar;C:\Program Files\Apache Software Foundation\Tomcat 10.1\lib\jaspic-api.jar;C:\Program Files\Apache Software Foundation\Tomcat 10.1\lib\jsp-api.jar;C:\Program Files\Apache Software Foundation\Tomcat 10.1\lib\servlet-api.jar;C:\Program Files\Apache Software Foundation\Tomcat 10.1\lib\tomcat-api.jar;C:\Program Files\Apache Software Foundation\Tomcat 10.1\lib\tomcat-coyote-ffm.jar;C:\Program Files\Apache Software Foundation\Tomcat 10.1\lib\tomcat-coyote.jar;C:\Program Files\Apache Software Foundation\Tomcat 10.1\lib\tomcat-dbcp.jar;C:\Program Files\Apache Software Foundation\Tomcat 10.1\lib\tomcat-i18n-cs.jar;C:\Program Files\Apache Software Foundation\Tomcat 10.1\lib\tomcat-i18n-de.jar;C:\Program Files\Apache Software Foundation\Tomcat 10.1\lib\tomcat-i18n-es.jar;C:\Program Files\Apache Software Foundation\Tomcat 10.1\lib\tomcat-i18n-fr.jar;C:\Program Files\Apache Software Foundation\Tomcat 10.1\lib\tomcat-i18n-ja.jar;C:\Program Files\Apache Software Foundation\Tomcat 10.1\lib\tomcat-i18n-ko.jar;C:\Program Files\Apache Software Foundation\Tomcat 10.1\lib\tomcat-i18n-pt-BR.jar;C:\Program Files\Apache Software Foundation\Tomcat 10.1\lib\tomcat-i18n-ru.jar;C:\Program Files\Apache Software Foundation\Tomcat 10.1\lib\tomcat-i18n-zh-CN.jar;C:\Program Files\Apache Software Foundation\Tomcat 10.1\lib\tomcat-jdbc.jar;C:\Program Files\Apache Software Foundation\Tomcat 10.1\lib\tomcat-jni.jar;C:\Program Files\Apache Software Foundation\Tomcat 10.1\lib\tomcat-util-scan.jar;C:\Program Files\Apache Software Foundation\Tomcat 10.1\lib\tomcat-util.jar;C:\Program Files\Apache Software Foundation\Tomcat 10.1\lib\tomcat-websocket.jar;C:\Program Files\Apache Software Foundation\Tomcat 10.1\lib\websocket-api.jar;C:\Program Files\Apache Software Foundation\Tomcat 10.1\lib\websocket-client-api.jar
Launcher Type: SUN_STANDARD

[Global flags]
     intx CICompilerCount                          = 4                                         {product} {ergonomic}
     uint ConcGCThreads                            = 3                                         {product} {ergonomic}
     uint G1ConcRefinementThreads                  = 10                                        {product} {ergonomic}
   size_t G1HeapRegionSize                         = 2097152                                   {product} {ergonomic}
    uintx GCDrainStackTargetSize                   = 64                                        {product} {ergonomic}
   size_t InitialHeapSize                          = 257949696                                 {product} {ergonomic}
   size_t MarkStackSize                            = 4194304                                   {product} {ergonomic}
   size_t MaxHeapSize                              = 4106223616                                {product} {ergonomic}
   size_t MinHeapDeltaBytes                        = 2097152                                   {product} {ergonomic}
   size_t MinHeapSize                              = 8388608                                   {product} {ergonomic}
    uintx NonNMethodCodeHeapSize                   = 5839372                                {pd product} {ergonomic}
    uintx NonProfiledCodeHeapSize                  = 122909434                              {pd product} {ergonomic}
    uintx ProfiledCodeHeapSize                     = 122909434                              {pd product} {ergonomic}
    uintx ReservedCodeCacheSize                    = 251658240                              {pd product} {ergonomic}
     bool SegmentedCodeCache                       = true                                      {product} {ergonomic}
   size_t SoftMaxHeapSize                          = 4106223616                             {manageable} {ergonomic}
     bool UseCompressedOops                        = true                           {product lp64_product} {ergonomic}
     bool UseG1GC                                  = true                                      {product} {ergonomic}
     bool UseLargePagesIndividualAllocation        = false                                  {pd product} {ergonomic}

Logging:
Log output configuration:
 #0: stdout all=warning uptime,level,tags foldmultilines=false
 #1: stderr all=off uptime,level,tags foldmultilines=false

Environment Variables:
PATH=C:\Program Files\Common Files\Oracle\Java\javapath;C:\WINDOWS\system32;C:\WINDOWS;C:\WINDOWS\System32\Wbem;C:\WINDOWS\System32\WindowsPowerShell\v1.0\;C:\WINDOWS\System32\OpenSSH\;C:\Program Files\Git\cmd;C:\Users\ZiaZandre\AppData\Local\Programs\Python\Python312\Scripts\;C:\Users\ZiaZandre\AppData\Local\Programs\Python\Python312\;C:\Users\ZiaZandre\AppData\Local\Programs\Python\Launcher\;C:\Users\ZiaZandre\AppData\Local\Microsoft\WindowsApps;C:\Users\ZiaZandre\AppData\Local\Programs\Microsoft VS Code\bin;C:\msys64\ucrt64\bin;C:\Program Files\JetBrains\IntelliJ IDEA Community Edition 2024.1\bin;;C:\Users\ZiaZandre\AppData\Local\GitHubDesktop\bin
USERNAME=ZiaZandre
OS=Windows_NT
PROCESSOR_IDENTIFIER=AMD64 Family 25 Model 80 Stepping 0, AuthenticAMD
TMP=C:\Users\ZIAZAN~1\AppData\Local\Temp
TEMP=C:\Users\ZIAZAN~1\AppData\Local\Temp




Periodic native trim disabled

---------------  S Y S T E M  ---------------

OS:
 Windows 11 , 64 bit Build 22621 (10.0.22621.4391)
OS uptime: 0 days 1:54 hours

CPU: total 12 (initial active 12) (12 cores per cpu, 2 threads per core) family 25 model 80 stepping 0 microcode 0x0, cx8, cmov, fxsr, ht, mmx, 3dnowpref, sse, sse2, sse3, ssse3, sse4a, sse4.1, sse4.2, popcnt, lzcnt, tsc, tscinvbit, avx, avx2, aes, erms, clmul, bmi1, bmi2, adx, sha, fma, vzeroupper, clflush, clflushopt, rdtscp, rdpid, fsrm, f16c, pku, cet_ss
Processor Information for all 12 processors :
  Max Mhz: 4200, Current Mhz: 4200, Mhz Limit: 4200

Memory: 4k page, system-wide physical 15663M (7671M free)
TotalPageFile size 25965M (AvailPageFile size 219M)
current process WorkingSet (physical memory assigned to process): 11M, peak: 11M
current process commit charge ("private bytes"): 64M, peak: 310M

vm_info: Java HotSpot(TM) 64-Bit Server VM (21.0.2+13-LTS-58) for windows-amd64 JRE (21.0.2+13-LTS-58), built on 2024-01-05T18:32:24Z by "mach5one" with MS VC++ 17.1 (VS2022)

END.
